<?xml version="1.0" encoding="UTF-8"?>
<testsuite xmlns:xsi="http://www.w3.org/2001/XMLSchema-instance" xsi:noNamespaceSchemaLocation="https://maven.apache.org/surefire/maven-surefire-plugin/xsd/surefire-test-report.xsd" name="tests.architecture.ArchitectureTest" time="0.132" tests="5" errors="0" skipped="0" failures="0">
  <properties>
[...]
</properties>
  <testcase name="endpointsPackage" classname="tests.architecture.ArchitectureTest" time="0.117"/>
  <testcase name="messageBodyParsersAreIsolated" classname="tests.architecture.ArchitectureTest" time="0.001"/>
  <testcase name="providersPackage" classname="tests.architecture.ArchitectureTest" time="0.001"/>
  <testcase name="restLayers" classname="tests.architecture.ArchitectureTest" time="0.005"/>
  <testcase name="rule" classname="tests.architecture.ArchitectureTest" time="0.003"/>
</testsuite>